# JRE version: Java(TM) SE Runtime Environment (8.0_171-b11) (build 1.8.0_171-b11)
# Java VM: Java HotSpot(TM) 64-Bit Server VM (25.171-b11 mixed mode windows-amd64 compressed oops)
Heap:
 PSYoungGen      total 110592K, used 26285K [0x00000000d5e00000, 0x00000000ddd80000, 0x0000000100000000)
  eden space 100864K, 16% used [0x00000000d5e00000,0x00000000d6e2b8d8,0x00000000dc080000)
  from space 9728K, 99% used [0x00000000dce00000,0x00000000dd77fbf0,0x00000000dd780000)
  to   space 13824K, 0% used [0x00000000dc080000,0x00000000dc080000,0x00000000dce00000)
 ParOldGen       total 56320K, used 14000K [0x0000000081a00000, 0x0000000085100000, 0x00000000d5e00000)
  object space 56320K, 24% used [0x0000000081a00000,0x00000000827ac250,0x0000000085100000)
 Metaspace       used 33926K, capacity 35326K, committed 35416K, reserved 1081344K
  class space    used 4269K, capacity 4557K, committed 4608K, reserved 1048576K
GC Heap History (10 events):
Event: 0.940 GC heap before
{Heap before GC invocations=3 (full 0):
 PSYoungGen      total 38400K, used 38379K [0x00000000d5e00000, 0x00000000da900000, 0x0000000100000000)
  eden space 33280K, 100% used [0x00000000d5e00000,0x00000000d7e80000,0x00000000d7e80000)
  from space 5120K, 99% used [0x00000000d8380000,0x00000000d887aee0,0x00000000d8880000)
  to   space 5120K, 0% used [0x00000000d7e80000,0x00000000d7e80000,0x00000000d8380000)
 ParOldGen       total 87552K, used 1900K [0x0000000081a00000, 0x0000000086f80000, 0x00000000d5e00000)
  object space 87552K, 2% used [0x0000000081a00000,0x0000000081bdb120,0x0000000086f80000)
 Metaspace       used 19295K, capacity 19776K, committed 20096K, reserved 1067008K
  class space    used 2451K, capacity 2584K, committed 2688K, reserved 1048576K
Event: 0.944 GC heap after
Heap after GC invocations=3 (full 0):
 PSYoungGen      total 38400K, used 5095K [0x00000000d5e00000, 0x00000000da900000, 0x0000000100000000)
  eden space 33280K, 0% used [0x00000000d5e00000,0x00000000d5e00000,0x00000000d7e80000)
  from space 5120K, 99% used [0x00000000d7e80000,0x00000000d8379f48,0x00000000d8380000)
  to   space 5120K, 0% used [0x00000000da400000,0x00000000da400000,0x00000000da900000)
 ParOldGen       total 87552K, used 4949K [0x0000000081a00000, 0x0000000086f80000, 0x00000000d5e00000)
  object space 87552K, 5% used [0x0000000081a00000,0x0000000081ed5700,0x0000000086f80000)
 Metaspace       used 19295K, capacity 19776K, committed 20096K, reserved 1067008K
  class space    used 2451K, capacity 2584K, committed 2688K, reserved 1048576K
}
Event: 1.021 GC heap before
{Heap before GC invocations=4 (full 0):
 PSYoungGen      total 38400K, used 16527K [0x00000000d5e00000, 0x00000000da900000, 0x0000000100000000)
  eden space 33280K, 34% used [0x00000000d5e00000,0x00000000d6929eb0,0x00000000d7e80000)
  from space 5120K, 99% used [0x00000000d7e80000,0x00000000d8379f48,0x00000000d8380000)
  to   space 5120K, 0% used [0x00000000da400000,0x00000000da400000,0x00000000da900000)
 ParOldGen       total 87552K, used 4949K [0x0000000081a00000, 0x0000000086f80000, 0x00000000d5e00000)
  object space 87552K, 5% used [0x0000000081a00000,0x0000000081ed5700,0x0000000086f80000)
 Metaspace       used 20601K, capacity 21168K, committed 21248K, reserved 1067008K
  class space    used 2633K, capacity 2784K, committed 2816K, reserved 1048576K
Event: 1.026 GC heap after
Heap after GC invocations=4 (full 0):
 PSYoungGen      total 71680K, used 5106K [0x00000000d5e00000, 0x00000000da900000, 0x0000000100000000)
  eden space 66560K, 0% used [0x00000000d5e00000,0x00000000d5e00000,0x00000000d9f00000)
  from space 5120K, 99% used [0x00000000da400000,0x00000000da8fc838,0x00000000da900000)
  to   space 5120K, 0% used [0x00000000d9f00000,0x00000000d9f00000,0x00000000da400000)
 ParOldGen       total 87552K, used 5585K [0x0000000081a00000, 0x0000000086f80000, 0x00000000d5e00000)
  object space 87552K, 6% used [0x0000000081a00000,0x0000000081f74758,0x0000000086f80000)
 Metaspace       used 20601K, capacity 21168K, committed 21248K, reserved 1067008K
  class space    used 2633K, capacity 2784K, committed 2816K, reserved 1048576K
}
Event: 1.026 GC heap before
{Heap before GC invocations=5 (full 1):
 PSYoungGen      total 71680K, used 5106K [0x00000000d5e00000, 0x00000000da900000, 0x0000000100000000)
  eden space 66560K, 0% used [0x00000000d5e00000,0x00000000d5e00000,0x00000000d9f00000)
  from space 5120K, 99% used [0x00000000da400000,0x00000000da8fc838,0x00000000da900000)
  to   space 5120K, 0% used [0x00000000d9f00000,0x00000000d9f00000,0x00000000da400000)
 ParOldGen       total 87552K, used 5585K [0x0000000081a00000, 0x0000000086f80000, 0x00000000d5e00000)
  object space 87552K, 6% used [0x0000000081a00000,0x0000000081f74758,0x0000000086f80000)
 Metaspace       used 20601K, capacity 21168K, committed 21248K, reserved 1067008K
  class space    used 2633K, capacity 2784K, committed 2816K, reserved 1048576K
Event: 1.045 GC heap after
Heap after GC invocations=5 (full 1):
 PSYoungGen      total 71680K, used 0K [0x00000000d5e00000, 0x00000000da900000, 0x0000000100000000)
  eden space 66560K, 0% used [0x00000000d5e00000,0x00000000d5e00000,0x00000000d9f00000)
  from space 5120K, 0% used [0x00000000da400000,0x00000000da400000,0x00000000da900000)
  to   space 5120K, 0% used [0x00000000d9f00000,0x00000000d9f00000,0x00000000da400000)
 ParOldGen       total 56320K, used 5563K [0x0000000081a00000, 0x0000000085100000, 0x00000000d5e00000)
  object space 56320K, 9% used [0x0000000081a00000,0x0000000081f6ef58,0x0000000085100000)
 Metaspace       used 20599K, capacity 21162K, committed 21248K, reserved 1067008K
  class space    used 2632K, capacity 2783K, committed 2816K, reserved 1048576K
}
Event: 1.652 GC heap before
{Heap before GC invocations=6 (full 1):
 PSYoungGen      total 71680K, used 66560K [0x00000000d5e00000, 0x00000000da900000, 0x0000000100000000)
  eden space 66560K, 100% used [0x00000000d5e00000,0x00000000d9f00000,0x00000000d9f00000)
  from space 5120K, 0% used [0x00000000da400000,0x00000000da400000,0x00000000da900000)
  to   space 5120K, 0% used [0x00000000d9f00000,0x00000000d9f00000,0x00000000da400000)
 ParOldGen       total 56320K, used 5563K [0x0000000081a00000, 0x0000000085100000, 0x00000000d5e00000)
  object space 56320K, 9% used [0x0000000081a00000,0x0000000081f6ef58,0x0000000085100000)
 Metaspace       used 26635K, capacity 27410K, committed 27648K, reserved 1073152K
  class space    used 3363K, capacity 3543K, committed 3584K, reserved 1048576K
Event: 1.665 GC heap after
Heap after GC invocations=6 (full 1):
 PSYoungGen      total 71680K, used 5117K [0x00000000d5e00000, 0x00000000dd780000, 0x0000000100000000)
  eden space 66560K, 0% used [0x00000000d5e00000,0x00000000d5e00000,0x00000000d9f00000)
  from space 5120K, 99% used [0x00000000d9f00000,0x00000000da3ff540,0x00000000da400000)
  to   space 9728K, 0% used [0x00000000dce00000,0x00000000dce00000,0x00000000dd780000)
 ParOldGen       total 56320K, used 8973K [0x0000000081a00000, 0x0000000085100000, 0x00000000d5e00000)
  object space 56320K, 15% used [0x0000000081a00000,0x00000000822c37f0,0x0000000085100000)
 Metaspace       used 26635K, capacity 27410K, committed 27648K, reserved 1073152K
  class space    used 3363K, capacity 3543K, committed 3584K, reserved 1048576K
}
Event: 2.681 GC heap before
{Heap before GC invocations=7 (full 1):
 PSYoungGen      total 71680K, used 71677K [0x00000000d5e00000, 0x00000000dd780000, 0x0000000100000000)
  eden space 66560K, 100% used [0x00000000d5e00000,0x00000000d9f00000,0x00000000d9f00000)
  from space 5120K, 99% used [0x00000000d9f00000,0x00000000da3ff540,0x00000000da400000)
  to   space 9728K, 0% used [0x00000000dce00000,0x00000000dce00000,0x00000000dd780000)
 ParOldGen       total 56320K, used 8973K [0x0000000081a00000, 0x0000000085100000, 0x00000000d5e00000)
  object space 56320K, 15% used [0x0000000081a00000,0x00000000822c37f0,0x0000000085100000)
 Metaspace       used 32998K, capacity 34312K, committed 34432K, reserved 1079296K
  class space    used 4181K, capacity 4462K, committed 4480K, reserved 1048576K
Event: 2.693 GC heap after
Heap after GC invocations=7 (full 1):
 PSYoungGen      total 110592K, used 9726K [0x00000000d5e00000, 0x00000000ddd80000, 0x0000000100000000)
  eden space 100864K, 0% used [0x00000000d5e00000,0x00000000d5e00000,0x00000000dc080000)
  from space 9728K, 99% used [0x00000000dce00000,0x00000000dd77fbf0,0x00000000dd780000)
  to   space 13824K, 0% used [0x00000000dc080000,0x00000000dc080000,0x00000000dce00000)
 ParOldGen       total 56320K, used 14000K [0x0000000081a00000, 0x0000000085100000, 0x00000000d5e00000)
  object space 56320K, 24% used [0x0000000081a00000,0x00000000827ac250,0x0000000085100000)
 Metaspace       used 32998K, capacity 34312K, committed 34432K, reserved 1079296K
  class space    used 4181K, capacity 4462K, committed 4480K, reserved 1048576K
}

