# JRE version: Java(TM) SE Runtime Environment (8.0_191-b12) (build 1.8.0_191-b12)
# Java VM: Java HotSpot(TM) 64-Bit Server VM (25.191-b12 mixed mode windows-amd64 compressed oops)
Heap:
 PSYoungGen      total 79872K, used 49249K [0x00000000d5e00000, 0x00000000dd880000, 0x0000000100000000)
  eden space 69120K, 71% used [0x00000000d5e00000,0x00000000d8e18520,0x00000000da180000)
  from space 10752K, 0% used [0x00000000daf80000,0x00000000daf80000,0x00000000dba00000)
  to   space 14336K, 0% used [0x00000000da180000,0x00000000da180000,0x00000000daf80000)
 ParOldGen       total 105984K, used 19260K [0x0000000081a00000, 0x0000000088180000, 0x00000000d5e00000)
  object space 105984K, 18% used [0x0000000081a00000,0x0000000082ccf298,0x0000000088180000)
 Metaspace       used 39440K, capacity 41288K, committed 41560K, reserved 1085440K
  class space    used 5031K, capacity 5352K, committed 5464K, reserved 1048576K
GC Heap History (10 events):
Event: 0.834 GC heap before
{Heap before GC invocations=4 (full 1):
 PSYoungGen      total 38400K, used 5108K [0x00000000d5e00000, 0x00000000da900000, 0x0000000100000000)
  eden space 33280K, 0% used [0x00000000d5e00000,0x00000000d5e00000,0x00000000d7e80000)
  from space 5120K, 99% used [0x00000000d7e80000,0x00000000d837d0c8,0x00000000d8380000)
  to   space 5120K, 0% used [0x00000000da400000,0x00000000da400000,0x00000000da900000)
 ParOldGen       total 87552K, used 5671K [0x0000000081a00000, 0x0000000086f80000, 0x00000000d5e00000)
  object space 87552K, 6% used [0x0000000081a00000,0x0000000081f89c88,0x0000000086f80000)
 Metaspace       used 20610K, capacity 21132K, committed 21248K, reserved 1067008K
  class space    used 2635K, capacity 2806K, committed 2816K, reserved 1048576K
Event: 0.851 GC heap after
Heap after GC invocations=4 (full 1):
 PSYoungGen      total 38400K, used 0K [0x00000000d5e00000, 0x00000000da900000, 0x0000000100000000)
  eden space 33280K, 0% used [0x00000000d5e00000,0x00000000d5e00000,0x00000000d7e80000)
  from space 5120K, 0% used [0x00000000d7e80000,0x00000000d7e80000,0x00000000d8380000)
  to   space 5120K, 0% used [0x00000000da400000,0x00000000da400000,0x00000000da900000)
 ParOldGen       total 61952K, used 8110K [0x0000000081a00000, 0x0000000085680000, 0x00000000d5e00000)
  object space 61952K, 13% used [0x0000000081a00000,0x00000000821eb9f8,0x0000000085680000)
 Metaspace       used 20608K, capacity 21126K, committed 21248K, reserved 1067008K
  class space    used 2634K, capacity 2805K, committed 2816K, reserved 1048576K
}
Event: 1.117 GC heap before
{Heap before GC invocations=5 (full 1):
 PSYoungGen      total 38400K, used 33280K [0x00000000d5e00000, 0x00000000da900000, 0x0000000100000000)
  eden space 33280K, 100% used [0x00000000d5e00000,0x00000000d7e80000,0x00000000d7e80000)
  from space 5120K, 0% used [0x00000000d7e80000,0x00000000d7e80000,0x00000000d8380000)
  to   space 5120K, 0% used [0x00000000da400000,0x00000000da400000,0x00000000da900000)
 ParOldGen       total 61952K, used 8110K [0x0000000081a00000, 0x0000000085680000, 0x00000000d5e00000)
  object space 61952K, 13% used [0x0000000081a00000,0x00000000821eb9f8,0x0000000085680000)
 Metaspace       used 23518K, capacity 24234K, committed 24448K, reserved 1071104K
  class space    used 2996K, capacity 3191K, committed 3200K, reserved 1048576K
Event: 1.120 GC heap after
Heap after GC invocations=5 (full 1):
 PSYoungGen      total 54784K, used 4779K [0x00000000d5e00000, 0x00000000da900000, 0x0000000100000000)
  eden space 49664K, 0% used [0x00000000d5e00000,0x00000000d5e00000,0x00000000d8e80000)
  from space 5120K, 93% used [0x00000000da400000,0x00000000da8aaf58,0x00000000da900000)
  to   space 5120K, 0% used [0x00000000d9f00000,0x00000000d9f00000,0x00000000da400000)
 ParOldGen       total 61952K, used 8182K [0x0000000081a00000, 0x0000000085680000, 0x00000000d5e00000)
  object space 61952K, 13% used [0x0000000081a00000,0x00000000821fda08,0x0000000085680000)
 Metaspace       used 23518K, capacity 24234K, committed 24448K, reserved 1071104K
  class space    used 2996K, capacity 3191K, committed 3200K, reserved 1048576K
}
Event: 1.733 GC heap before
{Heap before GC invocations=6 (full 1):
 PSYoungGen      total 54784K, used 54443K [0x00000000d5e00000, 0x00000000da900000, 0x0000000100000000)
  eden space 49664K, 100% used [0x00000000d5e00000,0x00000000d8e80000,0x00000000d8e80000)
  from space 5120K, 93% used [0x00000000da400000,0x00000000da8aaf58,0x00000000da900000)
  to   space 5120K, 0% used [0x00000000d9f00000,0x00000000d9f00000,0x00000000da400000)
 ParOldGen       total 61952K, used 8182K [0x0000000081a00000, 0x0000000085680000, 0x00000000d5e00000)
  object space 61952K, 13% used [0x0000000081a00000,0x00000000821fda08,0x0000000085680000)
 Metaspace       used 28660K, capacity 29908K, committed 30080K, reserved 1075200K
  class space    used 3670K, capacity 3914K, committed 3968K, reserved 1048576K
Event: 1.740 GC heap after
Heap after GC invocations=6 (full 1):
 PSYoungGen      total 71680K, used 5108K [0x00000000d5e00000, 0x00000000dba00000, 0x0000000100000000)
  eden space 66560K, 0% used [0x00000000d5e00000,0x00000000d5e00000,0x00000000d9f00000)
  from space 5120K, 99% used [0x00000000d9f00000,0x00000000da3fd030,0x00000000da400000)
  to   space 10752K, 0% used [0x00000000daf80000,0x00000000daf80000,0x00000000dba00000)
 ParOldGen       total 61952K, used 11903K [0x0000000081a00000, 0x0000000085680000, 0x00000000d5e00000)
  object space 61952K, 19% used [0x0000000081a00000,0x000000008259fc78,0x0000000085680000)
 Metaspace       used 28660K, capacity 29908K, committed 30080K, reserved 1075200K
  class space    used 3670K, capacity 3914K, committed 3968K, reserved 1048576K
}
Event: 2.425 GC heap before
{Heap before GC invocations=7 (full 1):
 PSYoungGen      total 71680K, used 60229K [0x00000000d5e00000, 0x00000000dba00000, 0x0000000100000000)
  eden space 66560K, 82% used [0x00000000d5e00000,0x00000000d93d4590,0x00000000d9f00000)
  from space 5120K, 99% used [0x00000000d9f00000,0x00000000da3fd030,0x00000000da400000)
  to   space 10752K, 0% used [0x00000000daf80000,0x00000000daf80000,0x00000000dba00000)
 ParOldGen       total 61952K, used 11903K [0x0000000081a00000, 0x0000000085680000, 0x00000000d5e00000)
  object space 61952K, 19% used [0x0000000081a00000,0x000000008259fc78,0x0000000085680000)
 Metaspace       used 33834K, capacity 35328K, committed 35416K, reserved 1079296K
  class space    used 4311K, capacity 4610K, committed 4696K, reserved 1048576K
Event: 2.436 GC heap after
Heap after GC invocations=7 (full 1):
 PSYoungGen      total 79872K, used 10746K [0x00000000d5e00000, 0x00000000dd880000, 0x0000000100000000)
  eden space 69120K, 0% used [0x00000000d5e00000,0x00000000d5e00000,0x00000000da180000)
  from space 10752K, 99% used [0x00000000daf80000,0x00000000db9feb50,0x00000000dba00000)
  to   space 14336K, 0% used [0x00000000da180000,0x00000000da180000,0x00000000daf80000)
 ParOldGen       total 61952K, used 16199K [0x0000000081a00000, 0x0000000085680000, 0x00000000d5e00000)
  object space 61952K, 26% used [0x0000000081a00000,0x00000000829d1f40,0x0000000085680000)
 Metaspace       used 33834K, capacity 35328K, committed 35416K, reserved 1079296K
  class space    used 4311K, capacity 4610K, committed 4696K, reserved 1048576K
}
Event: 2.436 GC heap before
{Heap before GC invocations=8 (full 2):
 PSYoungGen      total 79872K, used 10746K [0x00000000d5e00000, 0x00000000dd880000, 0x0000000100000000)
  eden space 69120K, 0% used [0x00000000d5e00000,0x00000000d5e00000,0x00000000da180000)
  from space 10752K, 99% used [0x00000000daf80000,0x00000000db9feb50,0x00000000dba00000)
  to   space 14336K, 0% used [0x00000000da180000,0x00000000da180000,0x00000000daf80000)
 ParOldGen       total 61952K, used 16199K [0x0000000081a00000, 0x0000000085680000, 0x00000000d5e00000)
  object space 61952K, 26% used [0x0000000081a00000,0x00000000829d1f40,0x0000000085680000)
 Metaspace       used 33834K, capacity 35328K, committed 35416K, reserved 1079296K
  class space    used 4311K, capacity 4610K, committed 4696K, reserved 1048576K
Event: 2.490 GC heap after
Heap after GC invocations=8 (full 2):
 PSYoungGen      total 79872K, used 0K [0x00000000d5e00000, 0x00000000dd880000, 0x0000000100000000)
  eden space 69120K, 0% used [0x00000000d5e00000,0x00000000d5e00000,0x00000000da180000)
  from space 10752K, 0% used [0x00000000daf80000,0x00000000daf80000,0x00000000dba00000)
  to   space 14336K, 0% used [0x00000000da180000,0x00000000da180000,0x00000000daf80000)
 ParOldGen       total 105984K, used 19260K [0x0000000081a00000, 0x0000000088180000, 0x00000000d5e00000)
  object space 105984K, 18% used [0x0000000081a00000,0x0000000082ccf298,0x0000000088180000)
 Metaspace       used 33834K, capacity 35328K, committed 35416K, reserved 1079296K
  class space    used 4311K, capacity 4610K, committed 4696K, reserved 1048576K
}

